<?xml version="1.0" encoding="UTF-8"?>
<!-- Generated by org.testng.reporters.JUnitReportReporter -->
<testsuite hostname="DESKTOP-38Q9L5G" failures="0" tests="1" name="tests.AddAndUpdateUserTest" time="53.401" errors="0" timestamp="2025-08-20T16:26:41 IST" skipped="0">
  <testcase classname="tests.AddAndUpdateUserTest" name="addUser" time="53.401"/>
</testsuite> <!-- tests.AddAndUpdateUserTest -->
