<?xml version="1.0" encoding="UTF-8"?>
<!-- Generated by org.testng.reporters.JUnitReportReporter -->
<testsuite hostname="DESKTOP-38Q9L5G" failures="0" tests="1" name="tests.OrderCompletedViaSplitTest" time="151.194" errors="0" timestamp="2025-08-25T09:20:38 IST" skipped="0">
  <testcase classname="tests.OrderCompletedViaSplitTest" name="createNewOrder" time="151.194"/>
</testsuite> <!-- tests.OrderCompletedViaSplitTest -->
