<?xml version="1.0" encoding="UTF-8"?>
<!-- Generated by org.testng.reporters.JUnitReportReporter -->
<testsuite hostname="DESKTOP-38Q9L5G" failures="0" tests="1" name="tests.QueuedAndRejectOrderTest" time="107.827" errors="0" timestamp="2025-08-20T11:05:55 IST" skipped="0">
  <testcase classname="tests.QueuedAndRejectOrderTest" name="createNewOrder" time="107.827"/>
</testsuite> <!-- tests.QueuedAndRejectOrderTest -->
