<?xml version="1.0" encoding="UTF-8"?>
<!-- Generated by org.testng.reporters.JUnitReportReporter -->
<testsuite hostname="DESKTOP-38Q9L5G" failures="0" tests="1" name="tests.NewOrderTest" time="172.767" errors="0" timestamp="2025-08-19T15:50:51 IST" skipped="0">
  <testcase classname="tests.NewOrderTest" name="createNewOrder" time="172.767"/>
</testsuite> <!-- tests.NewOrderTest -->
