<?xml version="1.0" encoding="UTF-8"?>
<!-- Generated by org.testng.reporters.JUnitReportReporter -->
<testsuite hostname="DESKTOP-38Q9L5G" failures="0" tests="1" name="tests.AddAndUpdateUserTest" time="43.443" errors="0" timestamp="2025-08-20T13:59:46 IST" skipped="0">
  <testcase classname="tests.AddAndUpdateUserTest" name="addUser" time="43.443"/>
</testsuite> <!-- tests.AddAndUpdateUserTest -->
