<?xml version="1.0" encoding="UTF-8"?>
<!-- Generated by org.testng.reporters.JUnitReportReporter -->
<testsuite hostname="DESKTOP-38Q9L5G" failures="0" tests="1" name="tests.LoginTest" time="157.057" errors="0" timestamp="2025-08-19T14:46:42 IST" skipped="0">
  <testcase classname="tests.LoginTest" name="testLogin" time="157.057"/>
</testsuite> <!-- tests.LoginTest -->
