<?xml version="1.0" encoding="UTF-8"?>
<!-- Generated by org.testng.reporters.JUnitReportReporter -->
<testsuite hostname="DESKTOP-38Q9L5G" failures="0" tests="1" name="tests.DashboardTest" time="8.064" errors="0" timestamp="2025-08-19T16:00:34 IST" skipped="0">
  <testcase classname="tests.DashboardTest" name="verifyDashboardCounts" time="8.064"/>
</testsuite> <!-- tests.DashboardTest -->
