<?xml version="1.0" encoding="UTF-8"?>
<!-- Generated by org.testng.reporters.JUnitReportReporter -->
<testsuite hostname="DESKTOP-38Q9L5G" failures="0" tests="1" name="tests.LoginAdminTest" time="13.863" errors="0" timestamp="2025-08-19T15:42:38 IST" skipped="0">
  <testcase classname="tests.LoginAdminTest" name="testLogin" time="13.863"/>
</testsuite> <!-- tests.LoginAdminTest -->
