<?xml version="1.0" encoding="UTF-8"?>
<!-- Generated by org.testng.reporters.JUnitReportReporter -->
<testsuite hostname="DESKTOP-38Q9L5G" failures="0" tests="1" name="tests.QueuedAndCompletedOrderTest" time="163.519" errors="0" timestamp="2025-08-19T17:08:34 IST" skipped="0">
  <testcase classname="tests.QueuedAndCompletedOrderTest" name="createNewOrder" time="163.519"/>
</testsuite> <!-- tests.QueuedAndCompletedOrderTest -->
